<?xml version="1.0" encoding="UTF-8"?>
<robot generator="Robot 7.2.2 (Python 3.13.3 on win32)" generated="2025-09-27T17:01:52.451692" rpa="false" schemaversion="5">
<suite id="s1" name="Tests" source="D:\Udmey\Python-Workspace\RobotFrameworkTutorial\RobotFrameworkSeleniumPython\Tests">
<suite id="s1-s1" name="LoginTest" source="D:\Udmey\Python-Workspace\RobotFrameworkTutorial\RobotFrameworkSeleniumPython\Tests\LoginTest.robot">
<kw name="Run Keywords" owner="BuiltIn" type="SETUP">
<kw name="Setup Login Test Data" owner="Common">
<kw name="Get Data From Json" owner="CommonUtilLibrary">
<msg time="2025-09-27T17:01:58.208309" level="INFO">${listuser} = {'username': 'pgbitbucket706@agentforce.com', 'password': 'Pra2892pte#'}</msg>
<var>${listuser}</var>
<arg>loginTestData.json</arg>
<arg>valid_login</arg>
<status status="PASS" start="2025-09-27T17:01:58.205761" elapsed="0.002701"/>
</kw>
<kw name="Set Suite Variable" owner="BuiltIn">
<msg time="2025-09-27T17:01:58.214816" level="INFO">${validusername} = pgbitbucket706@agentforce.com</msg>
<arg>${validusername}</arg>
<arg>${listuser["username"]}</arg>
<doc>Makes a variable available everywhere within the scope of the current suite.</doc>
<status status="PASS" start="2025-09-27T17:01:58.211752" elapsed="0.003348"/>
</kw>
<kw name="Get Password From Env Val" owner="LoginPage">
<msg time="2025-09-27T17:01:58.219531" level="INFO">${validpassword} = Pra2892pte#</msg>
<var>${validpassword}</var>
<status status="PASS" start="2025-09-27T17:01:58.218776" elapsed="0.000880"/>
</kw>
<kw name="Set Suite Variable" owner="BuiltIn">
<msg time="2025-09-27T17:01:58.223292" level="INFO">${validpassword} = Pra2892pte#</msg>
<arg>${validpassword}</arg>
<doc>Makes a variable available everywhere within the scope of the current suite.</doc>
<status status="PASS" start="2025-09-27T17:01:58.222543" elapsed="0.000923"/>
</kw>
<kw name="Get Data From Json" owner="CommonUtilLibrary">
<msg time="2025-09-27T17:01:58.227798" level="INFO">${invalidlistuser} = {'username': 'pgbitbucket7799@agentforce.com', 'password': 'Pra445pte$'}</msg>
<var>${invalidlistuser}</var>
<arg>loginTestData.json</arg>
<arg>invalid_login</arg>
<status status="PASS" start="2025-09-27T17:01:58.226238" elapsed="0.001692"/>
</kw>
<kw name="Set Suite Variable" owner="BuiltIn">
<msg time="2025-09-27T17:01:58.233388" level="INFO">${invalidusername} = pgbitbucket7799@agentforce.com</msg>
<arg>${invalidusername}</arg>
<arg>${invalidlistuser["username"]}</arg>
<doc>Makes a variable available everywhere within the scope of the current suite.</doc>
<status status="PASS" start="2025-09-27T17:01:58.230816" elapsed="0.002777"/>
</kw>
<kw name="Set Suite Variable" owner="BuiltIn">
<msg time="2025-09-27T17:01:58.239037" level="INFO">${invalidpassword} = Pra445pte$</msg>
<arg>${invalidpassword}</arg>
<arg>${invalidlistuser["password"]}</arg>
<doc>Makes a variable available everywhere within the scope of the current suite.</doc>
<status status="PASS" start="2025-09-27T17:01:58.236801" elapsed="0.002393"/>
</kw>
<doc>This Keyword is used to setup valid login or invalid login testdata</doc>
<status status="PASS" start="2025-09-27T17:01:58.205048" elapsed="0.036499"/>
</kw>
<arg>Setup Login Test Data</arg>
<doc>Executes all the given keywords in a sequence.</doc>
<status status="PASS" start="2025-09-27T17:01:58.203172" elapsed="0.038858"/>
</kw>
<test id="s1-s1-t1" name="Validate Valid Login" line="10">
<kw name="Open SF Login Page" owner="Common" type="SETUP">
<kw name="Open Browser With Options" owner="BrowserUtilLibrary">
<msg time="2025-09-27T17:02:03.792635" level="INFO">Opening url 'https://orgfarm-6e06e8de9e-dev-ed.develop.my.salesforce.com/'</msg>
<arg>${Browser}</arg>
<arg>${headless}</arg>
<arg>${envname}</arg>
<arg>${islambda}</arg>
<status status="PASS" start="2025-09-27T17:01:58.244840" elapsed="9.415579"/>
</kw>
<kw name="Set Selenium Implicit Wait" owner="BrowserUtilLibrary">
<arg>20s</arg>
<doc>Sets the implicit wait value used by Selenium.</doc>
<status status="PASS" start="2025-09-27T17:02:07.663454" elapsed="0.058172"/>
</kw>
<kw name="Set Selenium Page Load Timeout" owner="BrowserUtilLibrary">
<arg>20s</arg>
<doc>Sets the page load timeout value used by Selenium.</doc>
<status status="PASS" start="2025-09-27T17:02:07.722738" elapsed="0.012657"/>
</kw>
<status status="PASS" start="2025-09-27T17:01:58.244243" elapsed="9.492072"/>
</kw>
<kw name="Login To Salesforce" owner="LoginPage">
<msg time="2025-09-27T17:02:08.602043" level="INFO">Typing text 'pgbitbucket706@agentforce.com' into text field 'id=username'.</msg>
<msg time="2025-09-27T17:02:13.617120" level="INFO">Typing password into text field 'id=password'.</msg>
<msg time="2025-09-27T17:02:13.901526" level="INFO">Temporally setting log level to: NONE</msg>
<msg time="2025-09-27T17:02:14.150159" level="INFO">Clicking button 'id=Login'.</msg>
<arg>username=${validusername}</arg>
<arg>password=${validpassword}</arg>
<status status="PASS" start="2025-09-27T17:02:07.738218" elapsed="21.196693"/>
</kw>
<kw name="Validate App Launcher Icon" owner="LoginPage">
<msg time="2025-09-27T17:02:29.201574" level="INFO">Current page contains element 'xpath://button[@title='App Launcher']'.</msg>
<status status="PASS" start="2025-09-27T17:02:28.940860" elapsed="0.261076"/>
</kw>
<kw name="Validate Lead Record By Lastname" owner="LoginPage">
<msg time="2025-09-27T17:02:31.524302" level="INFO">this is record DETAIL:TestContact FSLeadQA</msg>
<arg>FSLeadQA</arg>
<status status="PASS" start="2025-09-27T17:02:29.205075" elapsed="2.319497"/>
</kw>
<kw name="Close Browser Session" owner="Common" type="TEARDOWN">
<kw name="Capture Screenshot Failure" owner="BrowserUtilLibrary">
<doc>Capture screenshot in root/screenshots if test failed.</doc>
<status status="PASS" start="2025-09-27T17:02:31.530050" elapsed="0.000959"/>
</kw>
<kw name="Close All Browsers" owner="BrowserUtilLibrary">
<doc>Closes all open browsers and resets the browser cache.</doc>
<status status="PASS" start="2025-09-27T17:02:31.531684" elapsed="4.135088"/>
</kw>
<status status="PASS" start="2025-09-27T17:02:31.528509" elapsed="4.139082"/>
</kw>
<doc>This is a valid login test</doc>
<tag>logintest</tag>
<tag>regression</tag>
<tag>smoke</tag>
<tag>test:retry(2)</tag>
<tag>validlogin</tag>
<status status="PASS" start="2025-09-27T17:01:58.242595" elapsed="37.425697"/>
</test>
<status status="PASS" start="2025-09-27T17:01:52.761878" elapsed="42.916503"/>
</suite>
<status status="PASS" start="2025-09-27T17:01:52.725030" elapsed="42.965230"/>
</suite>
<statistics>
<total>
<stat pass="1" fail="0" skip="0">All Tests</stat>
</total>
<tag>
<stat pass="1" fail="0" skip="0">logintest</stat>
<stat pass="1" fail="0" skip="0">regression</stat>
<stat pass="1" fail="0" skip="0">smoke</stat>
<stat pass="1" fail="0" skip="0">test:retry(2)</stat>
<stat pass="1" fail="0" skip="0">validlogin</stat>
</tag>
<suite>
<stat name="Tests" id="s1" pass="1" fail="0" skip="0">Tests</stat>
<stat name="LoginTest" id="s1-s1" pass="1" fail="0" skip="0">Tests.LoginTest</stat>
</suite>
</statistics>
<errors>
<msg time="2025-09-27T17:01:58.199111" level="WARN">Imported resource file 'D:\Udmey\Python-Workspace\RobotFrameworkTutorial\RobotFrameworkSeleniumPython\Resources\Variables.robot' is empty.</msg>
</errors>
</robot>
