<?xml version="1.0" encoding="UTF-8"?>
<robot generator="Robot 7.2.2 (Python 3.13.3 on win32)" generated="2025-09-27T17:01:52.451681" rpa="false" schemaversion="5">
<suite id="s1" name="Tests" source="D:\Udmey\Python-Workspace\RobotFrameworkTutorial\RobotFrameworkSeleniumPython\Tests">
<suite id="s1-s1" name="LoginTest" source="D:\Udmey\Python-Workspace\RobotFrameworkTutorial\RobotFrameworkSeleniumPython\Tests\LoginTest.robot">
<kw name="Run Keywords" owner="BuiltIn" type="SETUP">
<kw name="Setup Login Test Data" owner="Common">
<kw name="Get Data From Json" owner="CommonUtilLibrary">
<msg time="2025-09-27T17:01:58.208352" level="INFO">${listuser} = {'username': 'pgbitbucket706@agentforce.com', 'password': 'Pra2892pte#'}</msg>
<var>${listuser}</var>
<arg>loginTestData.json</arg>
<arg>valid_login</arg>
<status status="PASS" start="2025-09-27T17:01:58.205761" elapsed="0.002779"/>
</kw>
<kw name="Set Suite Variable" owner="BuiltIn">
<msg time="2025-09-27T17:01:58.215296" level="INFO">${validusername} = pgbitbucket706@agentforce.com</msg>
<arg>${validusername}</arg>
<arg>${listuser["username"]}</arg>
<doc>Makes a variable available everywhere within the scope of the current suite.</doc>
<status status="PASS" start="2025-09-27T17:01:58.211752" elapsed="0.003833"/>
</kw>
<kw name="Get Password From Env Val" owner="LoginPage">
<msg time="2025-09-27T17:01:58.219728" level="INFO">${validpassword} = Pra2892pte#</msg>
<var>${validpassword}</var>
<status status="PASS" start="2025-09-27T17:01:58.218888" elapsed="0.000942"/>
</kw>
<kw name="Set Suite Variable" owner="BuiltIn">
<msg time="2025-09-27T17:01:58.223351" level="INFO">${validpassword} = Pra2892pte#</msg>
<arg>${validpassword}</arg>
<doc>Makes a variable available everywhere within the scope of the current suite.</doc>
<status status="PASS" start="2025-09-27T17:01:58.222659" elapsed="0.000860"/>
</kw>
<kw name="Get Data From Json" owner="CommonUtilLibrary">
<msg time="2025-09-27T17:01:58.227798" level="INFO">${invalidlistuser} = {'username': 'pgbitbucket7799@agentforce.com', 'password': 'Pra445pte$'}</msg>
<var>${invalidlistuser}</var>
<arg>loginTestData.json</arg>
<arg>invalid_login</arg>
<status status="PASS" start="2025-09-27T17:01:58.226238" elapsed="0.001692"/>
</kw>
<kw name="Set Suite Variable" owner="BuiltIn">
<msg time="2025-09-27T17:01:58.233388" level="INFO">${invalidusername} = pgbitbucket7799@agentforce.com</msg>
<arg>${invalidusername}</arg>
<arg>${invalidlistuser["username"]}</arg>
<doc>Makes a variable available everywhere within the scope of the current suite.</doc>
<status status="PASS" start="2025-09-27T17:01:58.230815" elapsed="0.002778"/>
</kw>
<kw name="Set Suite Variable" owner="BuiltIn">
<msg time="2025-09-27T17:01:58.238799" level="INFO">${invalidpassword} = Pra445pte$</msg>
<arg>${invalidpassword}</arg>
<arg>${invalidlistuser["password"]}</arg>
<doc>Makes a variable available everywhere within the scope of the current suite.</doc>
<status status="PASS" start="2025-09-27T17:01:58.236477" elapsed="0.002473"/>
</kw>
<doc>This Keyword is used to setup valid login or invalid login testdata</doc>
<status status="PASS" start="2025-09-27T17:01:58.205048" elapsed="0.036500"/>
</kw>
<arg>Setup Login Test Data</arg>
<doc>Executes all the given keywords in a sequence.</doc>
<status status="PASS" start="2025-09-27T17:01:58.203219" elapsed="0.038799"/>
</kw>
<test id="s1-s1-t1" name="Validate Invalid Login" line="17">
<kw name="Open SF Login Page" owner="Common" type="SETUP">
<kw name="Open Browser With Options" owner="BrowserUtilLibrary">
<msg time="2025-09-27T17:02:03.974976" level="INFO">Opening url 'https://orgfarm-6e06e8de9e-dev-ed.develop.my.salesforce.com/'</msg>
<arg>${Browser}</arg>
<arg>${headless}</arg>
<arg>${envname}</arg>
<arg>${islambda}</arg>
<status status="PASS" start="2025-09-27T17:01:58.244937" elapsed="11.692005"/>
</kw>
<kw name="Set Selenium Implicit Wait" owner="BrowserUtilLibrary">
<arg>20s</arg>
<doc>Sets the implicit wait value used by Selenium.</doc>
<status status="PASS" start="2025-09-27T17:02:09.939634" elapsed="0.005170"/>
</kw>
<kw name="Set Selenium Page Load Timeout" owner="BrowserUtilLibrary">
<arg>20s</arg>
<doc>Sets the page load timeout value used by Selenium.</doc>
<status status="PASS" start="2025-09-27T17:02:09.945526" elapsed="0.014085"/>
</kw>
<status status="PASS" start="2025-09-27T17:01:58.244271" elapsed="11.715950"/>
</kw>
<kw name="Login To Salesforce" owner="LoginPage">
<msg time="2025-09-27T17:02:11.866166" level="INFO">Typing text 'pgbitbucket7799@agentforce.com' into text field 'id=username'.</msg>
<msg time="2025-09-27T17:02:15.568168" level="INFO">Typing password into text field 'id=password'.</msg>
<msg time="2025-09-27T17:02:16.279435" level="INFO">Temporally setting log level to: NONE</msg>
<msg time="2025-09-27T17:02:17.098597" level="INFO">Clicking button 'id=Login'.</msg>
<arg>username=${invalidusername}</arg>
<arg>password=${invalidpassword}</arg>
<status status="PASS" start="2025-09-27T17:02:09.960885" elapsed="8.437902"/>
</kw>
<kw name="Validate Login Error Message" owner="LoginPage">
<msg time="2025-09-27T17:02:18.482537" level="INFO">Current page contains element 'id=error'.</msg>
<arg>Please check your username and password</arg>
<status status="PASS" start="2025-09-27T17:02:18.401783" elapsed="0.138715"/>
</kw>
<kw name="Close Browser Session" owner="Common" type="TEARDOWN">
<kw name="Capture Screenshot Failure" owner="BrowserUtilLibrary">
<doc>Capture screenshot in root/screenshots if test failed.</doc>
<status status="PASS" start="2025-09-27T17:02:18.545178" elapsed="0.000772"/>
</kw>
<kw name="Close All Browsers" owner="BrowserUtilLibrary">
<doc>Closes all open browsers and resets the browser cache.</doc>
<status status="PASS" start="2025-09-27T17:02:18.546584" elapsed="3.728058"/>
</kw>
<status status="PASS" start="2025-09-27T17:02:18.544095" elapsed="3.731122"/>
</kw>
<doc>This is a invalid login test</doc>
<tag>invalidlogin</tag>
<tag>logintest</tag>
<tag>regression</tag>
<tag>smoke</tag>
<tag>test:retry(2)</tag>
<status status="PASS" start="2025-09-27T17:01:58.242520" elapsed="24.033006"/>
</test>
<status status="PASS" start="2025-09-27T17:01:52.761777" elapsed="29.523846"/>
</suite>
<status status="PASS" start="2025-09-27T17:01:52.724950" elapsed="29.574223"/>
</suite>
<statistics>
<total>
<stat pass="1" fail="0" skip="0">All Tests</stat>
</total>
<tag>
<stat pass="1" fail="0" skip="0">invalidlogin</stat>
<stat pass="1" fail="0" skip="0">logintest</stat>
<stat pass="1" fail="0" skip="0">regression</stat>
<stat pass="1" fail="0" skip="0">smoke</stat>
<stat pass="1" fail="0" skip="0">test:retry(2)</stat>
</tag>
<suite>
<stat name="Tests" id="s1" pass="1" fail="0" skip="0">Tests</stat>
<stat name="LoginTest" id="s1-s1" pass="1" fail="0" skip="0">Tests.LoginTest</stat>
</suite>
</statistics>
<errors>
<msg time="2025-09-27T17:01:58.199135" level="WARN">Imported resource file 'D:\Udmey\Python-Workspace\RobotFrameworkTutorial\RobotFrameworkSeleniumPython\Resources\Variables.robot' is empty.</msg>
</errors>
</robot>
